<?xml version="1.0" encoding="UTF-8"?>
<!-- Generated by org.testng.reporters.JUnitReportReporter -->
<testsuite skipped="2" hostname="user-PC" name="bhanu_Latest_POM_13_AUG_18.CompName.ProjName.B" tests="3" failures="0" timestamp="15 Aug 2018 09:39:40 GMT" time="0.015" errors="0">
  <testcase name="testingB" time="0.002" classname="bhanu_Latest_POM_13_AUG_18.CompName.ProjName.B"/>
  <testcase name="testingB" time="0.011" classname="bhanu_Latest_POM_13_AUG_18.CompName.ProjName.B">
    <skipped/>
  </testcase> <!-- testingB -->
  <testcase name="testingB" time="0.002" classname="bhanu_Latest_POM_13_AUG_18.CompName.ProjName.B">
    <skipped/>
  </testcase> <!-- testingB -->
</testsuite> <!-- bhanu_Latest_POM_13_AUG_18.CompName.ProjName.B -->
