<?xml version="1.0" encoding="UTF-8"?>
<!-- Generated by org.testng.reporters.JUnitReportReporter -->
<testsuite skipped="0" hostname="user-PC" name="bhanu_Latest_POM_13_AUG_18.CompName.ProjName.A" tests="1" failures="0" timestamp="15 Aug 2018 09:39:40 GMT" time="0.022" errors="0">
  <testcase name="testingA" time="0.022" classname="bhanu_Latest_POM_13_AUG_18.CompName.ProjName.A"/>
</testsuite> <!-- bhanu_Latest_POM_13_AUG_18.CompName.ProjName.A -->
